<?xml version="1.0" encoding="UTF-8"?>
<!-- Generated by org.testng.reporters.JUnitReportReporter -->
<testsuite hostname="NCEL64630" name="runner.TestRunner" tests="1" failures="0" timestamp="5 Apr 2020 13:56:52 GMT" time="8.389" errors="0">
  <testcase name="feature" time="8.389" classname="runner.TestRunner"/>
</testsuite> <!-- runner.TestRunner -->
