<?xml version="1.0" encoding="UTF-8"?>
<!-- Generated by org.testng.reporters.JUnitReportReporter -->
<testsuite hostname="NCEL64630" name="running.TestRunner" tests="1" failures="0" timestamp="5 Apr 2020 12:33:26 GMT" time="6.559" errors="0">
  <testcase name="feature" time="6.559" classname="running.TestRunner"/>
</testsuite> <!-- running.TestRunner -->
